<?xml version="1.0"?>
<!DOCTYPE coverage SYSTEM "http://cobertura.sourceforge.net/xml/coverage-04.dtd">

<coverage line-rate="0.7534372135655362" branch-rate="0.4827586206896552" lines-covered="822" lines-valid="1091" branches-covered="266" branches-valid="551" complexity="3.4580152671755724" version="2.1.1" timestamp="1449144649079">
	<sources>
		<source>--source</source>
		<source>/Volumes/ssd2/code/xembly/src/main/java</source>
		<source>/Volumes/ssd2/code/xembly/target/generated-sources/annotations</source>
		<source>/Volumes/ssd2/code/xembly/target/generated-sources/antlr3</source>
	</sources>
	<packages>
		<package name="org.xembly" line-rate="0.7534372135655362" branch-rate="0.4827586206896552" complexity="3.4580152671755724">
			<classes>
				<class name="org.xembly.AddDirective" filename="org/xembly/AddDirective.java" line-rate="0.875" branch-rate="0.1875" complexity="1.6666666666666667">
					<methods>
						<method name="&lt;init&gt;" signature="(Ljava/lang/String;)V" line-rate="1.0" branch-rate="1.0" complexity="0">
							<lines>
								<line number="61" hits="209" branch="false"/>
								<line number="62" hits="210" branch="false"/>
								<line number="63" hits="206" branch="false"/>
							</lines>
						</method>
						<method name="equals" signature="(Ljava/lang/Object;)Z" line-rate="1.0" branch-rate="1.0" complexity="0">
							<lines>
							</lines>
						</method>
						<method name="exec" signature="(Lorg/w3c/dom/Node;Lorg/xembly/Directive$Cursor;Lorg/xembly/Directive$Stack;)Lorg/xembly/Directive$Cursor;" line-rate="0.9090909090909091" branch-rate="0.75" complexity="0">
							<lines>
								<line number="73" hits="179" branch="false"/>
								<line number="74" hits="179" branch="false"/>
								<line number="76" hits="179" branch="true" condition-coverage="50% (1/2)">
									<conditions>
										<condition number="0" type="jump" coverage="50%"/>
									</conditions>
								</line>
								<line number="77" hits="179" branch="false"/>
								<line number="79" hits="0" branch="false"/>
								<line number="81" hits="179" branch="true" condition-coverage="100% (2/2)">
									<conditions>
										<condition number="0" type="jump" coverage="100%"/>
									</conditions>
								</line>
								<line number="82" hits="180" branch="false"/>
								<line number="83" hits="180" branch="false"/>
								<line number="84" hits="176" branch="false"/>
								<line number="85" hits="176" branch="false"/>
								<line number="86" hits="175" branch="false"/>
							</lines>
						</method>
						<method name="hashCode" signature="()I" line-rate="0.0" branch-rate="0.0" complexity="0">
							<lines>
								<line number="48" hits="0" branch="true" condition-coverage="0% (0/12)">
									<conditions>
										<condition number="0" type="jump" coverage="0%"/>
										<condition number="1" type="jump" coverage="0%"/>
										<condition number="2" type="jump" coverage="0%"/>
										<condition number="3" type="jump" coverage="0%"/>
										<condition number="4" type="jump" coverage="0%"/>
										<condition number="5" type="jump" coverage="0%"/>
									</conditions>
								</line>
							</lines>
						</method>
						<method name="toString" signature="()Ljava/lang/String;" line-rate="1.0" branch-rate="1.0" complexity="0">
							<lines>
								<line number="67" hits="31" branch="false"/>
							</lines>
						</method>
					</methods>
					<lines>
						<line number="48" hits="0" branch="true" condition-coverage="0% (0/12)">
							<conditions>
								<condition number="0" type="jump" coverage="0%"/>
								<condition number="1" type="jump" coverage="0%"/>
								<condition number="2" type="jump" coverage="0%"/>
								<condition number="3" type="jump" coverage="0%"/>
								<condition number="4" type="jump" coverage="0%"/>
								<condition number="5" type="jump" coverage="0%"/>
							</conditions>
						</line>
						<line number="61" hits="209" branch="false"/>
						<line number="62" hits="210" branch="false"/>
						<line number="63" hits="206" branch="false"/>
						<line number="67" hits="31" branch="false"/>
						<line number="73" hits="179" branch="false"/>
						<line number="74" hits="179" branch="false"/>
						<line number="76" hits="179" branch="true" condition-coverage="50% (1/2)">
							<conditions>
								<condition number="0" type="jump" coverage="50%"/>
							</conditions>
						</line>
						<line number="77" hits="179" branch="false"/>
						<line number="79" hits="0" branch="false"/>
						<line number="81" hits="179" branch="true" condition-coverage="100% (2/2)">
							<conditions>
								<condition number="0" type="jump" coverage="100%"/>
							</conditions>
						</line>
						<line number="82" hits="180" branch="false"/>
						<line number="83" hits="180" branch="false"/>
						<line number="84" hits="176" branch="false"/>
						<line number="85" hits="176" branch="false"/>
						<line number="86" hits="175" branch="false"/>
					</lines>
				</class>
				<class name="org.xembly.AddIfDirective" filename="org/xembly/AddIfDirective.java" line-rate="0.92" branch-rate="0.4090909090909091" complexity="2.6666666666666665">
					<methods>
						<method name="&lt;init&gt;" signature="(Ljava/lang/String;)V" line-rate="1.0" branch-rate="1.0" complexity="0">
							<lines>
								<line number="61" hits="6" branch="false"/>
								<line number="62" hits="6" branch="false"/>
								<line number="63" hits="6" branch="false"/>
							</lines>
						</method>
						<method name="equals" signature="(Ljava/lang/Object;)Z" line-rate="1.0" branch-rate="1.0" complexity="0">
							<lines>
							</lines>
						</method>
						<method name="exec" signature="(Lorg/w3c/dom/Node;Lorg/xembly/Directive$Cursor;Lorg/xembly/Directive$Stack;)Lorg/xembly/Directive$Cursor;" line-rate="0.95" branch-rate="0.9" complexity="0">
							<lines>
								<line number="73" hits="5" branch="false"/>
								<line number="74" hits="5" branch="false"/>
								<line number="75" hits="5" branch="true" condition-coverage="100% (2/2)">
									<conditions>
										<condition number="0" type="jump" coverage="100%"/>
									</conditions>
								</line>
								<line number="76" hits="5" branch="false"/>
								<line number="77" hits="5" branch="false"/>
								<line number="78" hits="5" branch="false"/>
								<line number="79" hits="12" branch="true" condition-coverage="100% (2/2)">
									<conditions>
										<condition number="0" type="jump" coverage="100%"/>
									</conditions>
								</line>
								<line number="80" hits="8" branch="false"/>
								<line number="81" hits="8" branch="true" condition-coverage="100% (2/2)">
									<conditions>
										<condition number="0" type="jump" coverage="100%"/>
									</conditions>
								</line>
								<line number="82" hits="1" branch="false"/>
								<line number="83" hits="1" branch="false"/>
								<line number="86" hits="5" branch="true" condition-coverage="100% (2/2)">
									<conditions>
										<condition number="0" type="jump" coverage="100%"/>
									</conditions>
								</line>
								<line number="88" hits="4" branch="true" condition-coverage="50% (1/2)">
									<conditions>
										<condition number="0" type="jump" coverage="50%"/>
									</conditions>
								</line>
								<line number="89" hits="4" branch="false"/>
								<line number="91" hits="0" branch="false"/>
								<line number="93" hits="4" branch="false"/>
								<line number="94" hits="4" branch="false"/>
								<line number="96" hits="5" branch="false"/>
								<line number="97" hits="5" branch="false"/>
								<line number="98" hits="5" branch="false"/>
							</lines>
						</method>
						<method name="hashCode" signature="()I" line-rate="0.0" branch-rate="0.0" complexity="0">
							<lines>
								<line number="48" hits="0" branch="true" condition-coverage="0% (0/12)">
									<conditions>
										<condition number="0" type="jump" coverage="0%"/>
										<condition number="1" type="jump" coverage="0%"/>
										<condition number="2" type="jump" coverage="0%"/>
										<condition number="3" type="jump" coverage="0%"/>
										<condition number="4" type="jump" coverage="0%"/>
										<condition number="5" type="jump" coverage="0%"/>
									</conditions>
								</line>
							</lines>
						</method>
						<method name="toString" signature="()Ljava/lang/String;" line-rate="1.0" branch-rate="1.0" complexity="0">
							<lines>
								<line number="67" hits="1" branch="false"/>
							</lines>
						</method>
					</methods>
					<lines>
						<line number="48" hits="0" branch="true" condition-coverage="0% (0/12)">
							<conditions>
								<condition number="0" type="jump" coverage="0%"/>
								<condition number="1" type="jump" coverage="0%"/>
								<condition number="2" type="jump" coverage="0%"/>
								<condition number="3" type="jump" coverage="0%"/>
								<condition number="4" type="jump" coverage="0%"/>
								<condition number="5" type="jump" coverage="0%"/>
							</conditions>
						</line>
						<line number="61" hits="6" branch="false"/>
						<line number="62" hits="6" branch="false"/>
						<line number="63" hits="6" branch="false"/>
						<line number="67" hits="1" branch="false"/>
						<line number="73" hits="5" branch="false"/>
						<line number="74" hits="5" branch="false"/>
						<line number="75" hits="5" branch="true" condition-coverage="100% (2/2)">
							<conditions>
								<condition number="0" type="jump" coverage="100%"/>
							</conditions>
						</line>
						<line number="76" hits="5" branch="false"/>
						<line number="77" hits="5" branch="false"/>
						<line number="78" hits="5" branch="false"/>
						<line number="79" hits="12" branch="true" condition-coverage="100% (2/2)">
							<conditions>
								<condition number="0" type="jump" coverage="100%"/>
							</conditions>
						</line>
						<line number="80" hits="8" branch="false"/>
						<line number="81" hits="8" branch="true" condition-coverage="100% (2/2)">
							<conditions>
								<condition number="0" type="jump" coverage="100%"/>
							</conditions>
						</line>
						<line number="82" hits="1" branch="false"/>
						<line number="83" hits="1" branch="false"/>
						<line number="86" hits="5" branch="true" condition-coverage="100% (2/2)">
							<conditions>
								<condition number="0" type="jump" coverage="100%"/>
							</conditions>
						</line>
						<line number="88" hits="4" branch="true" condition-coverage="50% (1/2)">
							<conditions>
								<condition number="0" type="jump" coverage="50%"/>
							</conditions>
						</line>
						<line number="89" hits="4" branch="false"/>
						<line number="91" hits="0" branch="false"/>
						<line number="93" hits="4" branch="false"/>
						<line number="94" hits="4" branch="false"/>
						<line number="96" hits="5" branch="false"/>
						<line number="97" hits="5" branch="false"/>
						<line number="98" hits="5" branch="false"/>
					</lines>
				</class>
				<class name="org.xembly.Arg" filename="org/xembly/Arg.java" line-rate="0.9285714285714286" branch-rate="0.7222222222222222" complexity="4.125">
					<methods>
						<method name="&lt;init&gt;" signature="(Ljava/lang/String;)V" line-rate="1.0" branch-rate="1.0" complexity="0">
							<lines>
								<line number="56" hits="603" branch="false"/>
								<line number="57" hits="3893" branch="true" condition-coverage="100% (2/2)">
									<conditions>
										<condition number="0" type="jump" coverage="100%"/>
									</conditions>
								</line>
								<line number="58" hits="3322" branch="false"/>
								<line number="60" hits="612" branch="false"/>
								<line number="61" hits="605" branch="false"/>
							</lines>
						</method>
						<method name="equals" signature="(Ljava/lang/Object;)Z" line-rate="1.0" branch-rate="1.0" complexity="0">
							<lines>
							</lines>
						</method>
						<method name="escape" signature="(Ljava/lang/String;)Ljava/lang/String;" line-rate="1.0" branch-rate="1.0" complexity="0">
							<lines>
								<line number="122" hits="45" branch="false"/>
								<line number="123" hits="368" branch="true" condition-coverage="100% (2/2)">
									<conditions>
										<condition number="0" type="jump" coverage="100%"/>
									</conditions>
								</line>
								<line number="124" hits="323" branch="true" condition-coverage="100% (2/2)">
									<conditions>
										<condition number="0" type="jump" coverage="100%"/>
									</conditions>
								</line>
								<line number="125" hits="7" branch="false"/>
								<line number="126" hits="316" branch="true" condition-coverage="100% (2/2)">
									<conditions>
										<condition number="0" type="jump" coverage="100%"/>
									</conditions>
								</line>
								<line number="127" hits="3" branch="false"/>
								<line number="128" hits="313" branch="true" condition-coverage="100% (2/2)">
									<conditions>
										<condition number="0" type="jump" coverage="100%"/>
									</conditions>
								</line>
								<line number="129" hits="2" branch="false"/>
								<line number="130" hits="311" branch="true" condition-coverage="100% (2/2)">
									<conditions>
										<condition number="0" type="jump" coverage="100%"/>
									</conditions>
								</line>
								<line number="131" hits="3" branch="false"/>
								<line number="132" hits="308" branch="true" condition-coverage="100% (2/2)">
									<conditions>
										<condition number="0" type="jump" coverage="100%"/>
									</conditions>
								</line>
								<line number="133" hits="3" branch="false"/>
								<line number="134" hits="305" branch="true" condition-coverage="100% (2/2)">
									<conditions>
										<condition number="0" type="jump" coverage="100%"/>
									</conditions>
								</line>
								<line number="135" hits="3" branch="false"/>
								<line number="137" hits="302" branch="false"/>
								<line number="140" hits="45" branch="false"/>
							</lines>
						</method>
						<method name="hashCode" signature="()I" line-rate="0.0" branch-rate="0.0" complexity="0">
							<lines>
								<line number="43" hits="0" branch="true" condition-coverage="0% (0/12)">
									<conditions>
										<condition number="0" type="jump" coverage="0%"/>
										<condition number="1" type="jump" coverage="0%"/>
										<condition number="2" type="jump" coverage="0%"/>
										<condition number="3" type="jump" coverage="0%"/>
										<condition number="4" type="jump" coverage="0%"/>
										<condition number="5" type="jump" coverage="0%"/>
									</conditions>
								</line>
							</lines>
						</method>
						<method name="legal" signature="(C)C" line-rate="1.0" branch-rate="1.0" complexity="0">
							<lines>
								<line number="180" hits="3263" branch="false"/>
								<line number="181" hits="3293" branch="false"/>
								<line number="182" hits="3305" branch="false"/>
								<line number="183" hits="3303" branch="false"/>
								<line number="184" hits="3273" branch="false"/>
								<line number="185" hits="3295" branch="false"/>
							</lines>
						</method>
						<method name="range" signature="(CII)V" line-rate="1.0" branch-rate="1.0" complexity="0">
							<lines>
								<line number="197" hits="14979" branch="true" condition-coverage="100% (4/4)">
									<conditions>
										<condition number="0" type="jump" coverage="100%"/>
										<condition number="1" type="jump" coverage="100%"/>
									</conditions>
								</line>
								<line number="198" hits="5" branch="false"/>
								<line number="199" hits="5" branch="false"/>
								<line number="202" hits="5" branch="false"/>
								<line number="206" hits="15187" branch="false"/>
							</lines>
						</method>
						<method name="raw" signature="()Ljava/lang/String;" line-rate="1.0" branch-rate="1.0" complexity="0">
							<lines>
								<line number="75" hits="571" branch="false"/>
							</lines>
						</method>
						<method name="symbol" signature="(Ljava/lang/String;)C" line-rate="0.875" branch-rate="0.9166666666666666" complexity="0">
							<lines>
								<line number="151" hits="32" branch="true" condition-coverage="100% (2/2)">
									<conditions>
										<condition number="0" type="jump" coverage="100%"/>
									</conditions>
								</line>
								<line number="152" hits="10" branch="false"/>
								<line number="153" hits="10" branch="false"/>
								<line number="154" hits="7" branch="true" condition-coverage="100% (2/2)">
									<conditions>
										<condition number="0" type="jump" coverage="100%"/>
									</conditions>
								</line>
								<line number="155" hits="5" branch="false"/>
								<line number="156" hits="17" branch="true" condition-coverage="100% (2/2)">
									<conditions>
										<condition number="0" type="jump" coverage="100%"/>
									</conditions>
								</line>
								<line number="157" hits="7" branch="false"/>
								<line number="158" hits="10" branch="true" condition-coverage="100% (2/2)">
									<conditions>
										<condition number="0" type="jump" coverage="100%"/>
									</conditions>
								</line>
								<line number="159" hits="3" branch="false"/>
								<line number="160" hits="7" branch="true" condition-coverage="100% (2/2)">
									<conditions>
										<condition number="0" type="jump" coverage="100%"/>
									</conditions>
								</line>
								<line number="161" hits="3" branch="false"/>
								<line number="162" hits="4" branch="true" condition-coverage="50% (1/2)">
									<conditions>
										<condition number="0" type="jump" coverage="50%"/>
									</conditions>
								</line>
								<line number="163" hits="4" branch="false"/>
								<line number="165" hits="0" branch="false"/>
								<line number="166" hits="0" branch="false"/>
								<line number="169" hits="29" branch="false"/>
							</lines>
						</method>
						<method name="toString" signature="()Ljava/lang/String;" line-rate="1.0" branch-rate="1.0" complexity="0">
							<lines>
								<line number="65" hits="45" branch="false"/>
								<line number="66" hits="45" branch="false"/>
								<line number="67" hits="45" branch="false"/>
							</lines>
						</method>
						<method name="unescape" signature="(Ljava/lang/String;)Ljava/lang/String;" line-rate="0.8823529411764706" branch-rate="0.8" complexity="0">
							<lines>
								<line number="87" hits="129" branch="false"/>
								<line number="88" hits="128" branch="true" condition-coverage="50% (1/2)">
									<conditions>
										<condition number="0" type="jump" coverage="50%"/>
									</conditions>
								</line>
								<line number="89" hits="0" branch="false"/>
								<line number="93" hits="128" branch="false"/>
								<line number="94" hits="128" branch="false"/>
								<line number="95" hits="840" branch="true" condition-coverage="100% (2/2)">
									<conditions>
										<condition number="0" type="jump" coverage="100%"/>
									</conditions>
								</line>
								<line number="96" hits="714" branch="true" condition-coverage="100% (2/2)">
									<conditions>
										<condition number="0" type="jump" coverage="100%"/>
									</conditions>
								</line>
								<line number="97" hits="32" branch="false"/>
								<line number="98" hits="166" branch="true" condition-coverage="100% (2/2)">
									<conditions>
										<condition number="0" type="jump" coverage="100%"/>
									</conditions>
								</line>
								<line number="100" hits="134" branch="false"/>
								<line number="101" hits="134" branch="true" condition-coverage="50% (1/2)">
									<conditions>
										<condition number="0" type="jump" coverage="50%"/>
									</conditions>
								</line>
								<line number="102" hits="0" branch="false"/>
								<line number="106" hits="134" branch="false"/>
								<line number="108" hits="32" branch="false"/>
								<line number="109" hits="29" branch="false"/>
								<line number="110" hits="682" branch="false"/>
								<line number="113" hits="127" branch="false"/>
							</lines>
						</method>
					</methods>
					<lines>
						<line number="43" hits="0" branch="true" condition-coverage="0% (0/12)">
							<conditions>
								<condition number="0" type="jump" coverage="0%"/>
								<condition number="1" type="jump" coverage="0%"/>
								<condition number="2" type="jump" coverage="0%"/>
								<condition number="3" type="jump" coverage="0%"/>
								<condition number="4" type="jump" coverage="0%"/>
								<condition number="5" type="jump" coverage="0%"/>
							</conditions>
						</line>
						<line number="56" hits="603" branch="false"/>
						<line number="57" hits="3893" branch="true" condition-coverage="100% (2/2)">
							<conditions>
								<condition number="0" type="jump" coverage="100%"/>
							</conditions>
						</line>
						<line number="58" hits="3322" branch="false"/>
						<line number="60" hits="612" branch="false"/>
						<line number="61" hits="605" branch="false"/>
						<line number="65" hits="45" branch="false"/>
						<line number="66" hits="45" branch="false"/>
						<line number="67" hits="45" branch="false"/>
						<line number="75" hits="571" branch="false"/>
						<line number="87" hits="129" branch="false"/>
						<line number="88" hits="128" branch="true" condition-coverage="50% (1/2)">
							<conditions>
								<condition number="0" type="jump" coverage="50%"/>
							</conditions>
						</line>
						<line number="89" hits="0" branch="false"/>
						<line number="93" hits="128" branch="false"/>
						<line number="94" hits="128" branch="false"/>
						<line number="95" hits="840" branch="true" condition-coverage="100% (2/2)">
							<conditions>
								<condition number="0" type="jump" coverage="100%"/>
							</conditions>
						</line>
						<line number="96" hits="714" branch="true" condition-coverage="100% (2/2)">
							<conditions>
								<condition number="0" type="jump" coverage="100%"/>
							</conditions>
						</line>
						<line number="97" hits="32" branch="false"/>
						<line number="98" hits="166" branch="true" condition-coverage="100% (2/2)">
							<conditions>
								<condition number="0" type="jump" coverage="100%"/>
							</conditions>
						</line>
						<line number="100" hits="134" branch="false"/>
						<line number="101" hits="134" branch="true" condition-coverage="50% (1/2)">
							<conditions>
								<condition number="0" type="jump" coverage="50%"/>
							</conditions>
						</line>
						<line number="102" hits="0" branch="false"/>
						<line number="106" hits="134" branch="false"/>
						<line number="108" hits="32" branch="false"/>
						<line number="109" hits="29" branch="false"/>
						<line number="110" hits="682" branch="false"/>
						<line number="113" hits="127" branch="false"/>
						<line number="122" hits="45" branch="false"/>
						<line number="123" hits="368" branch="true" condition-coverage="100% (2/2)">
							<conditions>
								<condition number="0" type="jump" coverage="100%"/>
							</conditions>
						</line>
						<line number="124" hits="323" branch="true" condition-coverage="100% (2/2)">
							<conditions>
								<condition number="0" type="jump" coverage="100%"/>
							</conditions>
						</line>
						<line number="125" hits="7" branch="false"/>
						<line number="126" hits="316" branch="true" condition-coverage="100% (2/2)">
							<conditions>
								<condition number="0" type="jump" coverage="100%"/>
							</conditions>
						</line>
						<line number="127" hits="3" branch="false"/>
						<line number="128" hits="313" branch="true" condition-coverage="100% (2/2)">
							<conditions>
								<condition number="0" type="jump" coverage="100%"/>
							</conditions>
						</line>
						<line number="129" hits="2" branch="false"/>
						<line number="130" hits="311" branch="true" condition-coverage="100% (2/2)">
							<conditions>
								<condition number="0" type="jump" coverage="100%"/>
							</conditions>
						</line>
						<line number="131" hits="3" branch="false"/>
						<line number="132" hits="308" branch="true" condition-coverage="100% (2/2)">
							<conditions>
								<condition number="0" type="jump" coverage="100%"/>
							</conditions>
						</line>
						<line number="133" hits="3" branch="false"/>
						<line number="134" hits="305" branch="true" condition-coverage="100% (2/2)">
							<conditions>
								<condition number="0" type="jump" coverage="100%"/>
							</conditions>
						</line>
						<line number="135" hits="3" branch="false"/>
						<line number="137" hits="302" branch="false"/>
						<line number="140" hits="45" branch="false"/>
						<line number="151" hits="32" branch="true" condition-coverage="100% (2/2)">
							<conditions>
								<condition number="0" type="jump" coverage="100%"/>
							</conditions>
						</line>
						<line number="152" hits="10" branch="false"/>
						<line number="153" hits="10" branch="false"/>
						<line number="154" hits="7" branch="true" condition-coverage="100% (2/2)">
							<conditions>
								<condition number="0" type="jump" coverage="100%"/>
							</conditions>
						</line>
						<line number="155" hits="5" branch="false"/>
						<line number="156" hits="17" branch="true" condition-coverage="100% (2/2)">
							<conditions>
								<condition number="0" type="jump" coverage="100%"/>
							</conditions>
						</line>
						<line number="157" hits="7" branch="false"/>
						<line number="158" hits="10" branch="true" condition-coverage="100% (2/2)">
							<conditions>
								<condition number="0" type="jump" coverage="100%"/>
							</conditions>
						</line>
						<line number="159" hits="3" branch="false"/>
						<line number="160" hits="7" branch="true" condition-coverage="100% (2/2)">
							<conditions>
								<condition number="0" type="jump" coverage="100%"/>
							</conditions>
						</line>
						<line number="161" hits="3" branch="false"/>
						<line number="162" hits="4" branch="true" condition-coverage="50% (1/2)">
							<conditions>
								<condition number="0" type="jump" coverage="50%"/>
							</conditions>
						</line>
						<line number="163" hits="4" branch="false"/>
						<line number="165" hits="0" branch="false"/>
						<line number="166" hits="0" branch="false"/>
						<line number="169" hits="29" branch="false"/>
						<line number="180" hits="3263" branch="false"/>
						<line number="181" hits="3293" branch="false"/>
						<line number="182" hits="3305" branch="false"/>
						<line number="183" hits="3303" branch="false"/>
						<line number="184" hits="3273" branch="false"/>
						<line number="185" hits="3295" branch="false"/>
						<line number="197" hits="14979" branch="true" condition-coverage="100% (4/4)">
							<conditions>
								<condition number="0" type="jump" coverage="100%"/>
								<condition number="1" type="jump" coverage="100%"/>
							</conditions>
						</line>
						<line number="198" hits="5" branch="false"/>
						<line number="199" hits="5" branch="false"/>
						<line number="202" hits="5" branch="false"/>
						<line number="206" hits="15187" branch="false"/>
					</lines>
				</class>
				<class name="org.xembly.AttrDirective" filename="org/xembly/AttrDirective.java" line-rate="0.9166666666666666" branch-rate="0.09090909090909091" complexity="1.3333333333333333">
					<methods>
						<method name="&lt;init&gt;" signature="(Ljava/lang/String;Ljava/lang/String;)V" line-rate="1.0" branch-rate="1.0" complexity="0">
							<lines>
								<line number="65" hits="114" branch="false"/>
								<line number="66" hits="115" branch="false"/>
								<line number="67" hits="114" branch="false"/>
								<line number="68" hits="116" branch="false"/>
							</lines>
						</method>
						<method name="equals" signature="(Ljava/lang/Object;)Z" line-rate="1.0" branch-rate="1.0" complexity="0">
							<lines>
							</lines>
						</method>
						<method name="exec" signature="(Lorg/w3c/dom/Node;Lorg/xembly/Directive$Cursor;Lorg/xembly/Directive$Stack;)Lorg/xembly/Directive$Cursor;" line-rate="1.0" branch-rate="1.0" complexity="0">
							<lines>
								<line number="78" hits="114" branch="false"/>
								<line number="79" hits="114" branch="false"/>
								<line number="80" hits="114" branch="true" condition-coverage="100% (2/2)">
									<conditions>
										<condition number="0" type="jump" coverage="100%"/>
									</conditions>
								</line>
								<line number="81" hits="116" branch="false"/>
								<line number="82" hits="116" branch="false"/>
								<line number="83" hits="114" branch="false"/>
							</lines>
						</method>
						<method name="hashCode" signature="()I" line-rate="0.0" branch-rate="0.0" complexity="0">
							<lines>
								<line number="45" hits="0" branch="true" condition-coverage="0% (0/20)">
									<conditions>
										<condition number="0" type="jump" coverage="0%"/>
										<condition number="1" type="jump" coverage="0%"/>
										<condition number="2" type="jump" coverage="0%"/>
										<condition number="3" type="jump" coverage="0%"/>
										<condition number="4" type="jump" coverage="0%"/>
										<condition number="5" type="jump" coverage="0%"/>
										<condition number="6" type="jump" coverage="0%"/>
										<condition number="7" type="jump" coverage="0%"/>
										<condition number="8" type="jump" coverage="0%"/>
										<condition number="9" type="jump" coverage="0%"/>
									</conditions>
								</line>
							</lines>
						</method>
						<method name="toString" signature="()Ljava/lang/String;" line-rate="1.0" branch-rate="1.0" complexity="0">
							<lines>
								<line number="72" hits="2" branch="false"/>
							</lines>
						</method>
					</methods>
					<lines>
						<line number="45" hits="0" branch="true" condition-coverage="0% (0/20)">
							<conditions>
								<condition number="0" type="jump" coverage="0%"/>
								<condition number="1" type="jump" coverage="0%"/>
								<condition number="2" type="jump" coverage="0%"/>
								<condition number="3" type="jump" coverage="0%"/>
								<condition number="4" type="jump" coverage="0%"/>
								<condition number="5" type="jump" coverage="0%"/>
								<condition number="6" type="jump" coverage="0%"/>
								<condition number="7" type="jump" coverage="0%"/>
								<condition number="8" type="jump" coverage="0%"/>
								<condition number="9" type="jump" coverage="0%"/>
							</conditions>
						</line>
						<line number="65" hits="114" branch="false"/>
						<line number="66" hits="115" branch="false"/>
						<line number="67" hits="114" branch="false"/>
						<line number="68" hits="116" branch="false"/>
						<line number="72" hits="2" branch="false"/>
						<line number="78" hits="114" branch="false"/>
						<line number="79" hits="114" branch="false"/>
						<line number="80" hits="114" branch="true" condition-coverage="100% (2/2)">
							<conditions>
								<condition number="0" type="jump" coverage="100%"/>
							</conditions>
						</line>
						<line number="81" hits="116" branch="false"/>
						<line number="82" hits="116" branch="false"/>
						<line number="83" hits="114" branch="false"/>
					</lines>
				</class>
				<class name="org.xembly.CdataDirective" filename="org/xembly/CdataDirective.java" line-rate="0.7857142857142857" branch-rate="0.1875" complexity="1.6666666666666667">
					<methods>
						<method name="&lt;init&gt;" signature="(Ljava/lang/String;)V" line-rate="1.0" branch-rate="1.0" complexity="0">
							<lines>
								<line number="58" hits="1" branch="false"/>
								<line number="59" hits="1" branch="false"/>
								<line number="60" hits="1" branch="false"/>
							</lines>
						</method>
						<method name="equals" signature="(Ljava/lang/Object;)Z" line-rate="1.0" branch-rate="1.0" complexity="0">
							<lines>
							</lines>
						</method>
						<method name="exec" signature="(Lorg/w3c/dom/Node;Lorg/xembly/Directive$Cursor;Lorg/xembly/Directive$Stack;)Lorg/xembly/Directive$Cursor;" line-rate="0.8888888888888888" branch-rate="0.75" complexity="0">
							<lines>
								<line number="71" hits="1" branch="true" condition-coverage="50% (1/2)">
									<conditions>
										<condition number="0" type="jump" coverage="50%"/>
									</conditions>
								</line>
								<line number="72" hits="1" branch="false"/>
								<line number="74" hits="0" branch="false"/>
								<line number="76" hits="1" branch="false"/>
								<line number="77" hits="1" branch="true" condition-coverage="100% (2/2)">
									<conditions>
										<condition number="0" type="jump" coverage="100%"/>
									</conditions>
								</line>
								<line number="78" hits="1" branch="false"/>
								<line number="79" hits="1" branch="false"/>
								<line number="80" hits="1" branch="false"/>
								<line number="81" hits="1" branch="false"/>
							</lines>
						</method>
						<method name="hashCode" signature="()I" line-rate="0.0" branch-rate="0.0" complexity="0">
							<lines>
								<line number="45" hits="0" branch="true" condition-coverage="0% (0/12)">
									<conditions>
										<condition number="0" type="jump" coverage="0%"/>
										<condition number="1" type="jump" coverage="0%"/>
										<condition number="2" type="jump" coverage="0%"/>
										<condition number="3" type="jump" coverage="0%"/>
										<condition number="4" type="jump" coverage="0%"/>
										<condition number="5" type="jump" coverage="0%"/>
									</conditions>
								</line>
							</lines>
						</method>
						<method name="toString" signature="()Ljava/lang/String;" line-rate="0.0" branch-rate="1.0" complexity="0">
							<lines>
								<line number="64" hits="0" branch="false"/>
							</lines>
						</method>
					</methods>
					<lines>
						<line number="45" hits="0" branch="true" condition-coverage="0% (0/12)">
							<conditions>
								<condition number="0" type="jump" coverage="0%"/>
								<condition number="1" type="jump" coverage="0%"/>
								<condition number="2" type="jump" coverage="0%"/>
								<condition number="3" type="jump" coverage="0%"/>
								<condition number="4" type="jump" coverage="0%"/>
								<condition number="5" type="jump" coverage="0%"/>
							</conditions>
						</line>
						<line number="58" hits="1" branch="false"/>
						<line number="59" hits="1" branch="false"/>
						<line number="60" hits="1" branch="false"/>
						<line number="64" hits="0" branch="false"/>
						<line number="71" hits="1" branch="true" condition-coverage="50% (1/2)">
							<conditions>
								<condition number="0" type="jump" coverage="50%"/>
							</conditions>
						</line>
						<line number="72" hits="1" branch="false"/>
						<line number="74" hits="0" branch="false"/>
						<line number="76" hits="1" branch="false"/>
						<line number="77" hits="1" branch="true" condition-coverage="100% (2/2)">
							<conditions>
								<condition number="0" type="jump" coverage="100%"/>
							</conditions>
						</line>
						<line number="78" hits="1" branch="false"/>
						<line number="79" hits="1" branch="false"/>
						<line number="80" hits="1" branch="false"/>
						<line number="81" hits="1" branch="false"/>
					</lines>
				</class>
				<class name="org.xembly.Directive" filename="org/xembly/Directive.java" line-rate="1.0" branch-rate="1.0" complexity="1.0">
					<methods>
					</methods>
					<lines>
					</lines>
				</class>
				<class name="org.xembly.Directive$Cursor" filename="org/xembly/Directive.java" line-rate="1.0" branch-rate="1.0" complexity="1.0">
					<methods>
					</methods>
					<lines>
					</lines>
				</class>
				<class name="org.xembly.Directive$Stack" filename="org/xembly/Directive.java" line-rate="1.0" branch-rate="1.0" complexity="1.0">
					<methods>
					</methods>
					<lines>
					</lines>
				</class>
				<class name="org.xembly.Directives" filename="org/xembly/Directives.java" line-rate="0.7185185185185186" branch-rate="0.6428571428571429" complexity="2.909090909090909">
					<methods>
						<method name="&lt;init&gt;" signature="()V" line-rate="1.0" branch-rate="1.0" complexity="0">
							<lines>
								<line number="114" hits="72" branch="false"/>
								<line number="115" hits="73" branch="false"/>
							</lines>
						</method>
						<method name="&lt;init&gt;" signature="(Ljava/lang/Iterable;)V" line-rate="1.0" branch-rate="1.0" complexity="0">
							<lines>
								<line number="107" hits="98" branch="false"/>
								<line number="130" hits="98" branch="false"/>
								<line number="131" hits="98" branch="false"/>
								<line number="132" hits="98" branch="false"/>
							</lines>
						</method>
						<method name="&lt;init&gt;" signature="(Ljava/lang/String;)V" line-rate="1.0" branch-rate="1.0" complexity="0">
							<lines>
								<line number="123" hits="29" branch="false"/>
								<line number="124" hits="25" branch="false"/>
							</lines>
						</method>
						<method name="add" signature="(Ljava/lang/String;)Lorg/xembly/Directives;" line-rate="0.5" branch-rate="1.0" complexity="0">
							<lines>
								<line number="265" hits="143" branch="false"/>
								<line number="266" hits="0" branch="false"/>
								<line number="267" hits="0" branch="false"/>
								<line number="268" hits="0" branch="false"/>
								<line number="274" hits="141" branch="false"/>
								<line number="275" hits="142" branch="false"/>
							</lines>
						</method>
						<method name="add" signature="(Ljava/util/Map;)Lorg/xembly/Directives;" line-rate="1.0" branch-rate="1.0" complexity="0">
							<lines>
								<line number="308" hits="1" branch="true" condition-coverage="100% (2/2)">
									<conditions>
										<condition number="0" type="jump" coverage="100%"/>
									</conditions>
								</line>
								<line number="309" hits="2" branch="false"/>
								<line number="310" hits="2" branch="false"/>
								<line number="311" hits="2" branch="false"/>
								<line number="312" hits="2" branch="false"/>
								<line number="313" hits="1" branch="false"/>
							</lines>
						</method>
						<method name="addIf" signature="(Ljava/lang/String;)Lorg/xembly/Directives;" line-rate="0.5" branch-rate="1.0" complexity="0">
							<lines>
								<line number="324" hits="2" branch="false"/>
								<line number="325" hits="0" branch="false"/>
								<line number="326" hits="0" branch="false"/>
								<line number="327" hits="0" branch="false"/>
								<line number="333" hits="2" branch="false"/>
								<line number="334" hits="2" branch="false"/>
							</lines>
						</method>
						<method name="append" signature="(Ljava/lang/Iterable;)Lorg/xembly/Directives;" line-rate="1.0" branch-rate="1.0" complexity="0">
							<lines>
								<line number="249" hits="154" branch="false"/>
								<line number="250" hits="154" branch="true" condition-coverage="100% (2/2)">
									<conditions>
										<condition number="0" type="jump" coverage="100%"/>
									</conditions>
								</line>
								<line number="251" hits="575" branch="false"/>
								<line number="252" hits="570" branch="false"/>
								<line number="253" hits="155" branch="false"/>
								<line number="254" hits="156" branch="false"/>
							</lines>
						</method>
						<method name="attr" signature="(Ljava/lang/String;Ljava/lang/String;)Lorg/xembly/Directives;" line-rate="0.5" branch-rate="1.0" complexity="0">
							<lines>
								<line number="361" hits="105" branch="false"/>
								<line number="362" hits="0" branch="false"/>
								<line number="363" hits="0" branch="false"/>
								<line number="364" hits="0" branch="false"/>
								<line number="370" hits="108" branch="false"/>
								<line number="371" hits="108" branch="false"/>
							</lines>
						</method>
						<method name="cdata" signature="(Ljava/lang/String;)Lorg/xembly/Directives;" line-rate="0.5" branch-rate="1.0" complexity="0">
							<lines>
								<line number="527" hits="1" branch="false"/>
								<line number="528" hits="0" branch="false"/>
								<line number="529" hits="0" branch="false"/>
								<line number="530" hits="0" branch="false"/>
								<line number="536" hits="1" branch="false"/>
								<line number="537" hits="1" branch="false"/>
							</lines>
						</method>
						<method name="copyOf" signature="(Lorg/w3c/dom/Node;)Ljava/lang/Iterable;" line-rate="0.75" branch-rate="0.8333333333333334" complexity="0">
							<lines>
								<line number="186" hits="8" branch="false"/>
								<line number="187" hits="8" branch="true" condition-coverage="100% (2/2)">
									<conditions>
										<condition number="0" type="jump" coverage="100%"/>
									</conditions>
								</line>
								<line number="188" hits="2" branch="false"/>
								<line number="189" hits="2" branch="false"/>
								<line number="190" hits="4" branch="true" condition-coverage="100% (2/2)">
									<conditions>
										<condition number="0" type="jump" coverage="100%"/>
									</conditions>
								</line>
								<line number="191" hits="2" branch="false"/>
								<line number="192" hits="2" branch="false"/>
								<line number="195" hits="8" branch="true" condition-coverage="100% (2/2)">
									<conditions>
										<condition number="0" type="jump" coverage="100%"/>
									</conditions>
								</line>
								<line number="196" hits="6" branch="false"/>
								<line number="197" hits="6" branch="false"/>
								<line number="198" hits="18" branch="true" condition-coverage="100% (2/2)">
									<conditions>
										<condition number="0" type="jump" coverage="100%"/>
									</conditions>
								</line>
								<line number="199" hits="12" branch="false"/>
								<line number="200" hits="12" branch="true" condition-coverage="66% (4/6)">
									<conditions>
										<condition number="0" type="switch" coverage="66%"/>
									</conditions>
								</line>
								<line number="202" hits="7" branch="false"/>
								<line number="203" hits="7" branch="false"/>
								<line number="204" hits="7" branch="false"/>
								<line number="205" hits="7" branch="false"/>
								<line number="207" hits="0" branch="false"/>
								<line number="208" hits="0" branch="false"/>
								<line number="211" hits="3" branch="true" condition-coverage="100% (2/2)">
									<conditions>
										<condition number="0" type="jump" coverage="100%"/>
									</conditions>
								</line>
								<line number="212" hits="2" branch="false"/>
								<line number="213" hits="1" branch="true" condition-coverage="50% (1/2)">
									<conditions>
										<condition number="0" type="jump" coverage="50%"/>
									</conditions>
								</line>
								<line number="214" hits="0" branch="false"/>
								<line number="215" hits="0" branch="false"/>
								<line number="218" hits="0" branch="false"/>
								<line number="224" hits="1" branch="false"/>
								<line number="225" hits="1" branch="false"/>
								<line number="228" hits="1" branch="false"/>
								<line number="230" hits="0" branch="false"/>
								<line number="231" hits="0" branch="false"/>
								<line number="233" hits="0" branch="false"/>
								<line number="239" hits="8" branch="false"/>
							</lines>
						</method>
						<method name="equals" signature="(Ljava/lang/Object;)Z" line-rate="1.0" branch-rate="1.0" complexity="0">
							<lines>
							</lines>
						</method>
						<method name="hashCode" signature="()I" line-rate="0.0" branch-rate="0.0" complexity="0">
							<lines>
								<line number="87" hits="0" branch="true" condition-coverage="0% (0/12)">
									<conditions>
										<condition number="0" type="jump" coverage="0%"/>
										<condition number="1" type="jump" coverage="0%"/>
										<condition number="2" type="jump" coverage="0%"/>
										<condition number="3" type="jump" coverage="0%"/>
										<condition number="4" type="jump" coverage="0%"/>
										<condition number="5" type="jump" coverage="0%"/>
									</conditions>
								</line>
							</lines>
						</method>
						<method name="iterator" signature="()Ljava/util/Iterator;" line-rate="1.0" branch-rate="1.0" complexity="0">
							<lines>
								<line number="156" hits="92" branch="false"/>
							</lines>
						</method>
						<method name="parse" signature="(Ljava/lang/String;)Ljava/util/Collection;" line-rate="0.7777777777777778" branch-rate="1.0" complexity="0">
							<lines>
								<line number="548" hits="29" branch="false"/>
								<line number="549" hits="29" branch="false"/>
								<line number="550" hits="29" branch="false"/>
								<line number="551" hits="28" branch="false"/>
								<line number="553" hits="29" branch="false"/>
								<line number="554" hits="0" branch="false"/>
								<line number="555" hits="0" branch="false"/>
								<line number="556" hits="4" branch="false"/>
								<line number="557" hits="4" branch="false"/>
							</lines>
						</method>
						<method name="pi" signature="(Ljava/lang/String;Ljava/lang/String;)Lorg/xembly/Directives;" line-rate="0.5" branch-rate="1.0" complexity="0">
							<lines>
								<line number="390" hits="2" branch="false"/>
								<line number="391" hits="0" branch="false"/>
								<line number="392" hits="0" branch="false"/>
								<line number="393" hits="0" branch="false"/>
								<line number="399" hits="2" branch="false"/>
								<line number="400" hits="2" branch="false"/>
							</lines>
						</method>
						<method name="pop" signature="()Lorg/xembly/Directives;" line-rate="1.0" branch-rate="1.0" complexity="0">
							<lines>
								<line number="510" hits="2" branch="false"/>
								<line number="511" hits="2" branch="false"/>
							</lines>
						</method>
						<method name="push" signature="()Lorg/xembly/Directives;" line-rate="1.0" branch-rate="1.0" complexity="0">
							<lines>
								<line number="500" hits="2" branch="false"/>
								<line number="501" hits="2" branch="false"/>
							</lines>
						</method>
						<method name="remove" signature="()Lorg/xembly/Directives;" line-rate="1.0" branch-rate="1.0" complexity="0">
							<lines>
								<line number="343" hits="4" branch="false"/>
								<line number="344" hits="4" branch="false"/>
							</lines>
						</method>
						<method name="set" signature="(Ljava/lang/String;)Lorg/xembly/Directives;" line-rate="0.5" branch-rate="1.0" complexity="0">
							<lines>
								<line number="416" hits="108" branch="false"/>
								<line number="417" hits="0" branch="false"/>
								<line number="418" hits="0" branch="false"/>
								<line number="419" hits="0" branch="false"/>
								<line number="425" hits="108" branch="false"/>
								<line number="426" hits="108" branch="false"/>
							</lines>
						</method>
						<method name="strict" signature="(I)Lorg/xembly/Directives;" line-rate="1.0" branch-rate="1.0" complexity="0">
							<lines>
								<line number="490" hits="2" branch="false"/>
								<line number="491" hits="2" branch="false"/>
							</lines>
						</method>
						<method name="toString" signature="()Ljava/lang/String;" line-rate="1.0" branch-rate="1.0" complexity="0">
							<lines>
								<line number="136" hits="4" branch="false"/>
								<line number="137" hits="4" branch="false"/>
								<line number="138" hits="4" branch="false"/>
								<line number="139" hits="4" branch="true" condition-coverage="100% (2/2)">
									<conditions>
										<condition number="0" type="jump" coverage="100%"/>
									</conditions>
								</line>
								<line number="140" hits="40" branch="true" condition-coverage="100% (4/4)">
									<conditions>
										<condition number="0" type="jump" coverage="100%"/>
										<condition number="1" type="jump" coverage="100%"/>
									</conditions>
								</line>
								<line number="141" hits="4" branch="false"/>
								<line number="143" hits="40" branch="false"/>
								<line number="144" hits="40" branch="false"/>
								<line number="145" hits="40" branch="false"/>
								<line number="146" hits="40" branch="true" condition-coverage="100% (2/2)">
									<conditions>
										<condition number="0" type="jump" coverage="100%"/>
									</conditions>
								</line>
								<line number="147" hits="4" branch="false"/>
								<line number="149" hits="40" branch="false"/>
								<line number="150" hits="40" branch="false"/>
								<line number="151" hits="4" branch="false"/>
							</lines>
						</method>
						<method name="up" signature="()Lorg/xembly/Directives;" line-rate="1.0" branch-rate="1.0" complexity="0">
							<lines>
								<line number="458" hits="112" branch="false"/>
								<line number="459" hits="112" branch="false"/>
							</lines>
						</method>
						<method name="xpath" signature="(Ljava/lang/String;)Lorg/xembly/Directives;" line-rate="0.5" branch-rate="1.0" complexity="0">
							<lines>
								<line number="470" hits="8" branch="false"/>
								<line number="471" hits="0" branch="false"/>
								<line number="472" hits="0" branch="false"/>
								<line number="473" hits="0" branch="false"/>
								<line number="479" hits="8" branch="false"/>
								<line number="480" hits="8" branch="false"/>
							</lines>
						</method>
						<method name="xset" signature="(Ljava/lang/String;)Lorg/xembly/Directives;" line-rate="0.0" branch-rate="1.0" complexity="0">
							<lines>
								<line number="437" hits="0" branch="false"/>
								<line number="438" hits="0" branch="false"/>
								<line number="439" hits="0" branch="false"/>
								<line number="440" hits="0" branch="false"/>
								<line number="446" hits="0" branch="false"/>
								<line number="447" hits="0" branch="false"/>
							</lines>
						</method>
					</methods>
					<lines>
						<line number="87" hits="0" branch="true" condition-coverage="0% (0/12)">
							<conditions>
								<condition number="0" type="jump" coverage="0%"/>
								<condition number="1" type="jump" coverage="0%"/>
								<condition number="2" type="jump" coverage="0%"/>
								<condition number="3" type="jump" coverage="0%"/>
								<condition number="4" type="jump" coverage="0%"/>
								<condition number="5" type="jump" coverage="0%"/>
							</conditions>
						</line>
						<line number="107" hits="98" branch="false"/>
						<line number="114" hits="72" branch="false"/>
						<line number="115" hits="73" branch="false"/>
						<line number="123" hits="29" branch="false"/>
						<line number="124" hits="25" branch="false"/>
						<line number="130" hits="98" branch="false"/>
						<line number="131" hits="98" branch="false"/>
						<line number="132" hits="98" branch="false"/>
						<line number="136" hits="4" branch="false"/>
						<line number="137" hits="4" branch="false"/>
						<line number="138" hits="4" branch="false"/>
						<line number="139" hits="4" branch="true" condition-coverage="100% (2/2)">
							<conditions>
								<condition number="0" type="jump" coverage="100%"/>
							</conditions>
						</line>
						<line number="140" hits="40" branch="true" condition-coverage="100% (4/4)">
							<conditions>
								<condition number="0" type="jump" coverage="100%"/>
								<condition number="1" type="jump" coverage="100%"/>
							</conditions>
						</line>
						<line number="141" hits="4" branch="false"/>
						<line number="143" hits="40" branch="false"/>
						<line number="144" hits="40" branch="false"/>
						<line number="145" hits="40" branch="false"/>
						<line number="146" hits="40" branch="true" condition-coverage="100% (2/2)">
							<conditions>
								<condition number="0" type="jump" coverage="100%"/>
							</conditions>
						</line>
						<line number="147" hits="4" branch="false"/>
						<line number="149" hits="40" branch="false"/>
						<line number="150" hits="40" branch="false"/>
						<line number="151" hits="4" branch="false"/>
						<line number="156" hits="92" branch="false"/>
						<line number="186" hits="8" branch="false"/>
						<line number="187" hits="8" branch="true" condition-coverage="100% (2/2)">
							<conditions>
								<condition number="0" type="jump" coverage="100%"/>
							</conditions>
						</line>
						<line number="188" hits="2" branch="false"/>
						<line number="189" hits="2" branch="false"/>
						<line number="190" hits="4" branch="true" condition-coverage="100% (2/2)">
							<conditions>
								<condition number="0" type="jump" coverage="100%"/>
							</conditions>
						</line>
						<line number="191" hits="2" branch="false"/>
						<line number="192" hits="2" branch="false"/>
						<line number="195" hits="8" branch="true" condition-coverage="100% (2/2)">
							<conditions>
								<condition number="0" type="jump" coverage="100%"/>
							</conditions>
						</line>
						<line number="196" hits="6" branch="false"/>
						<line number="197" hits="6" branch="false"/>
						<line number="198" hits="18" branch="true" condition-coverage="100% (2/2)">
							<conditions>
								<condition number="0" type="jump" coverage="100%"/>
							</conditions>
						</line>
						<line number="199" hits="12" branch="false"/>
						<line number="200" hits="12" branch="true" condition-coverage="66% (4/6)">
							<conditions>
								<condition number="0" type="switch" coverage="66%"/>
							</conditions>
						</line>
						<line number="202" hits="7" branch="false"/>
						<line number="203" hits="7" branch="false"/>
						<line number="204" hits="7" branch="false"/>
						<line number="205" hits="7" branch="false"/>
						<line number="207" hits="0" branch="false"/>
						<line number="208" hits="0" branch="false"/>
						<line number="211" hits="3" branch="true" condition-coverage="100% (2/2)">
							<conditions>
								<condition number="0" type="jump" coverage="100%"/>
							</conditions>
						</line>
						<line number="212" hits="2" branch="false"/>
						<line number="213" hits="1" branch="true" condition-coverage="50% (1/2)">
							<conditions>
								<condition number="0" type="jump" coverage="50%"/>
							</conditions>
						</line>
						<line number="214" hits="0" branch="false"/>
						<line number="215" hits="0" branch="false"/>
						<line number="218" hits="0" branch="false"/>
						<line number="224" hits="1" branch="false"/>
						<line number="225" hits="1" branch="false"/>
						<line number="228" hits="1" branch="false"/>
						<line number="230" hits="0" branch="false"/>
						<line number="231" hits="0" branch="false"/>
						<line number="233" hits="0" branch="false"/>
						<line number="239" hits="8" branch="false"/>
						<line number="249" hits="154" branch="false"/>
						<line number="250" hits="154" branch="true" condition-coverage="100% (2/2)">
							<conditions>
								<condition number="0" type="jump" coverage="100%"/>
							</conditions>
						</line>
						<line number="251" hits="575" branch="false"/>
						<line number="252" hits="570" branch="false"/>
						<line number="253" hits="155" branch="false"/>
						<line number="254" hits="156" branch="false"/>
						<line number="265" hits="143" branch="false"/>
						<line number="266" hits="0" branch="false"/>
						<line number="267" hits="0" branch="false"/>
						<line number="268" hits="0" branch="false"/>
						<line number="274" hits="141" branch="false"/>
						<line number="275" hits="142" branch="false"/>
						<line number="308" hits="1" branch="true" condition-coverage="100% (2/2)">
							<conditions>
								<condition number="0" type="jump" coverage="100%"/>
							</conditions>
						</line>
						<line number="309" hits="2" branch="false"/>
						<line number="310" hits="2" branch="false"/>
						<line number="311" hits="2" branch="false"/>
						<line number="312" hits="2" branch="false"/>
						<line number="313" hits="1" branch="false"/>
						<line number="324" hits="2" branch="false"/>
						<line number="325" hits="0" branch="false"/>
						<line number="326" hits="0" branch="false"/>
						<line number="327" hits="0" branch="false"/>
						<line number="333" hits="2" branch="false"/>
						<line number="334" hits="2" branch="false"/>
						<line number="343" hits="4" branch="false"/>
						<line number="344" hits="4" branch="false"/>
						<line number="361" hits="105" branch="false"/>
						<line number="362" hits="0" branch="false"/>
						<line number="363" hits="0" branch="false"/>
						<line number="364" hits="0" branch="false"/>
						<line number="370" hits="108" branch="false"/>
						<line number="371" hits="108" branch="false"/>
						<line number="390" hits="2" branch="false"/>
						<line number="391" hits="0" branch="false"/>
						<line number="392" hits="0" branch="false"/>
						<line number="393" hits="0" branch="false"/>
						<line number="399" hits="2" branch="false"/>
						<line number="400" hits="2" branch="false"/>
						<line number="416" hits="108" branch="false"/>
						<line number="417" hits="0" branch="false"/>
						<line number="418" hits="0" branch="false"/>
						<line number="419" hits="0" branch="false"/>
						<line number="425" hits="108" branch="false"/>
						<line number="426" hits="108" branch="false"/>
						<line number="437" hits="0" branch="false"/>
						<line number="438" hits="0" branch="false"/>
						<line number="439" hits="0" branch="false"/>
						<line number="440" hits="0" branch="false"/>
						<line number="446" hits="0" branch="false"/>
						<line number="447" hits="0" branch="false"/>
						<line number="458" hits="112" branch="false"/>
						<line number="459" hits="112" branch="false"/>
						<line number="470" hits="8" branch="false"/>
						<line number="471" hits="0" branch="false"/>
						<line number="472" hits="0" branch="false"/>
						<line number="473" hits="0" branch="false"/>
						<line number="479" hits="8" branch="false"/>
						<line number="480" hits="8" branch="false"/>
						<line number="490" hits="2" branch="false"/>
						<line number="491" hits="2" branch="false"/>
						<line number="500" hits="2" branch="false"/>
						<line number="501" hits="2" branch="false"/>
						<line number="510" hits="2" branch="false"/>
						<line number="511" hits="2" branch="false"/>
						<line number="527" hits="1" branch="false"/>
						<line number="528" hits="0" branch="false"/>
						<line number="529" hits="0" branch="false"/>
						<line number="530" hits="0" branch="false"/>
						<line number="536" hits="1" branch="false"/>
						<line number="537" hits="1" branch="false"/>
						<line number="548" hits="29" branch="false"/>
						<line number="549" hits="29" branch="false"/>
						<line number="550" hits="29" branch="false"/>
						<line number="551" hits="28" branch="false"/>
						<line number="553" hits="29" branch="false"/>
						<line number="554" hits="0" branch="false"/>
						<line number="555" hits="0" branch="false"/>
						<line number="556" hits="4" branch="false"/>
						<line number="557" hits="4" branch="false"/>
					</lines>
				</class>
				<class name="org.xembly.DomCursor" filename="org/xembly/DomCursor.java" line-rate="0.8333333333333334" branch-rate="0.0" complexity="1.0">
					<methods>
						<method name="&lt;init&gt;" signature="(Ljava/util/Collection;)V" line-rate="1.0" branch-rate="1.0" complexity="0">
							<lines>
								<line number="62" hits="376" branch="false"/>
								<line number="63" hits="377" branch="false"/>
								<line number="64" hits="375" branch="false"/>
							</lines>
						</method>
						<method name="canEqual" signature="(Ljava/lang/Object;)Z" line-rate="1.0" branch-rate="1.0" complexity="0">
							<lines>
							</lines>
						</method>
						<method name="equals" signature="(Ljava/lang/Object;)Z" line-rate="1.0" branch-rate="1.0" complexity="0">
							<lines>
							</lines>
						</method>
						<method name="hashCode" signature="()I" line-rate="0.0" branch-rate="0.0" complexity="0">
							<lines>
								<line number="48" hits="0" branch="true" condition-coverage="0% (0/14)">
									<conditions>
										<condition number="0" type="jump" coverage="0%"/>
										<condition number="1" type="jump" coverage="0%"/>
										<condition number="2" type="jump" coverage="0%"/>
										<condition number="3" type="jump" coverage="0%"/>
										<condition number="4" type="jump" coverage="0%"/>
										<condition number="5" type="jump" coverage="0%"/>
										<condition number="6" type="jump" coverage="0%"/>
									</conditions>
								</line>
							</lines>
						</method>
						<method name="iterator" signature="()Ljava/util/Iterator;" line-rate="1.0" branch-rate="1.0" complexity="0">
							<lines>
								<line number="68" hits="568" branch="false"/>
							</lines>
						</method>
						<method name="size" signature="()I" line-rate="1.0" branch-rate="1.0" complexity="0">
							<lines>
								<line number="73" hits="341" branch="false"/>
							</lines>
						</method>
					</methods>
					<lines>
						<line number="48" hits="0" branch="true" condition-coverage="0% (0/14)">
							<conditions>
								<condition number="0" type="jump" coverage="0%"/>
								<condition number="1" type="jump" coverage="0%"/>
								<condition number="2" type="jump" coverage="0%"/>
								<condition number="3" type="jump" coverage="0%"/>
								<condition number="4" type="jump" coverage="0%"/>
								<condition number="5" type="jump" coverage="0%"/>
								<condition number="6" type="jump" coverage="0%"/>
							</conditions>
						</line>
						<line number="62" hits="376" branch="false"/>
						<line number="63" hits="377" branch="false"/>
						<line number="64" hits="375" branch="false"/>
						<line number="68" hits="568" branch="false"/>
						<line number="73" hits="341" branch="false"/>
					</lines>
				</class>
				<class name="org.xembly.DomStack" filename="org/xembly/DomStack.java" line-rate="0.9166666666666666" branch-rate="0.0" complexity="2.5">
					<methods>
						<method name="&lt;init&gt;" signature="()V" line-rate="1.0" branch-rate="1.0" complexity="0">
							<lines>
								<line number="47" hits="46" branch="false"/>
								<line number="52" hits="46" branch="false"/>
							</lines>
						</method>
						<method name="equals" signature="(Ljava/lang/Object;)Z" line-rate="1.0" branch-rate="1.0" complexity="0">
							<lines>
							</lines>
						</method>
						<method name="hashCode" signature="()I" line-rate="0.0" branch-rate="0.0" complexity="0">
							<lines>
								<line number="46" hits="0" branch="true" condition-coverage="0% (0/12)">
									<conditions>
										<condition number="0" type="jump" coverage="0%"/>
										<condition number="1" type="jump" coverage="0%"/>
										<condition number="2" type="jump" coverage="0%"/>
										<condition number="3" type="jump" coverage="0%"/>
										<condition number="4" type="jump" coverage="0%"/>
										<condition number="5" type="jump" coverage="0%"/>
									</conditions>
								</line>
							</lines>
						</method>
						<method name="pop" signature="()Lorg/xembly/Directive$Cursor;" line-rate="1.0" branch-rate="1.0" complexity="0">
							<lines>
								<line number="65" hits="5" branch="false"/>
								<line number="66" hits="5" branch="false"/>
								<line number="67" hits="1" branch="false"/>
								<line number="68" hits="1" branch="false"/>
								<line number="69" hits="1" branch="false"/>
							</lines>
						</method>
						<method name="push" signature="(Lorg/xembly/Directive$Cursor;)V" line-rate="1.0" branch-rate="1.0" complexity="0">
							<lines>
								<line number="57" hits="4" branch="false"/>
								<line number="58" hits="4" branch="false"/>
								<line number="59" hits="4" branch="false"/>
								<line number="60" hits="4" branch="false"/>
							</lines>
						</method>
					</methods>
					<lines>
						<line number="46" hits="0" branch="true" condition-coverage="0% (0/12)">
							<conditions>
								<condition number="0" type="jump" coverage="0%"/>
								<condition number="1" type="jump" coverage="0%"/>
								<condition number="2" type="jump" coverage="0%"/>
								<condition number="3" type="jump" coverage="0%"/>
								<condition number="4" type="jump" coverage="0%"/>
								<condition number="5" type="jump" coverage="0%"/>
							</conditions>
						</line>
						<line number="47" hits="46" branch="false"/>
						<line number="52" hits="46" branch="false"/>
						<line number="57" hits="4" branch="false"/>
						<line number="58" hits="4" branch="false"/>
						<line number="59" hits="4" branch="false"/>
						<line number="60" hits="4" branch="false"/>
						<line number="65" hits="5" branch="false"/>
						<line number="66" hits="5" branch="false"/>
						<line number="67" hits="1" branch="false"/>
						<line number="68" hits="1" branch="false"/>
						<line number="69" hits="1" branch="false"/>
					</lines>
				</class>
				<class name="org.xembly.ImpossibleModificationException" filename="org/xembly/ImpossibleModificationException.java" line-rate="0.5" branch-rate="1.0" complexity="1.0">
					<methods>
						<method name="&lt;init&gt;" signature="(Ljava/lang/String;)V" line-rate="0.0" branch-rate="1.0" complexity="0">
							<lines>
								<line number="51" hits="0" branch="false"/>
								<line number="52" hits="0" branch="false"/>
							</lines>
						</method>
						<method name="&lt;init&gt;" signature="(Ljava/lang/String;Ljava/lang/Throwable;)V" line-rate="1.0" branch-rate="1.0" complexity="0">
							<lines>
								<line number="61" hits="5" branch="false"/>
								<line number="62" hits="5" branch="false"/>
							</lines>
						</method>
					</methods>
					<lines>
						<line number="51" hits="0" branch="false"/>
						<line number="52" hits="0" branch="false"/>
						<line number="61" hits="5" branch="false"/>
						<line number="62" hits="5" branch="false"/>
					</lines>
				</class>
				<class name="org.xembly.NsDirective" filename="org/xembly/NsDirective.java" line-rate="0.6" branch-rate="0.0" complexity="2.0">
					<methods>
						<method name="&lt;init&gt;" signature="(Lorg/xembly/Arg;)V" line-rate="1.0" branch-rate="1.0" complexity="0">
							<lines>
								<line number="55" hits="1" branch="false"/>
								<line number="56" hits="1" branch="false"/>
								<line number="57" hits="1" branch="false"/>
							</lines>
						</method>
						<method name="equals" signature="(Ljava/lang/Object;)Z" line-rate="1.0" branch-rate="1.0" complexity="0">
							<lines>
							</lines>
						</method>
						<method name="exec" signature="(Lorg/w3c/dom/Node;Lorg/xembly/Directive$Cursor;Lorg/xembly/Directive$Stack;)Lorg/xembly/Directive$Cursor;" line-rate="0.6" branch-rate="1.0" complexity="0">
							<lines>
								<line number="71" hits="1" branch="false"/>
								<line number="73" hits="1" branch="false"/>
								<line number="75" hits="1" branch="false"/>
								<line number="76" hits="0" branch="false"/>
								<line number="77" hits="0" branch="false"/>
							</lines>
						</method>
						<method name="hashCode" signature="()I" line-rate="0.0" branch-rate="0.0" complexity="0">
							<lines>
								<line number="44" hits="0" branch="true" condition-coverage="0% (0/12)">
									<conditions>
										<condition number="0" type="jump" coverage="0%"/>
										<condition number="1" type="jump" coverage="0%"/>
										<condition number="2" type="jump" coverage="0%"/>
										<condition number="3" type="jump" coverage="0%"/>
										<condition number="4" type="jump" coverage="0%"/>
										<condition number="5" type="jump" coverage="0%"/>
									</conditions>
								</line>
							</lines>
						</method>
						<method name="toString" signature="()Ljava/lang/String;" line-rate="0.0" branch-rate="1.0" complexity="0">
							<lines>
								<line number="61" hits="0" branch="false"/>
							</lines>
						</method>
					</methods>
					<lines>
						<line number="44" hits="0" branch="true" condition-coverage="0% (0/12)">
							<conditions>
								<condition number="0" type="jump" coverage="0%"/>
								<condition number="1" type="jump" coverage="0%"/>
								<condition number="2" type="jump" coverage="0%"/>
								<condition number="3" type="jump" coverage="0%"/>
								<condition number="4" type="jump" coverage="0%"/>
								<condition number="5" type="jump" coverage="0%"/>
							</conditions>
						</line>
						<line number="55" hits="1" branch="false"/>
						<line number="56" hits="1" branch="false"/>
						<line number="57" hits="1" branch="false"/>
						<line number="61" hits="0" branch="false"/>
						<line number="71" hits="1" branch="false"/>
						<line number="73" hits="1" branch="false"/>
						<line number="75" hits="1" branch="false"/>
						<line number="76" hits="0" branch="false"/>
						<line number="77" hits="0" branch="false"/>
					</lines>
				</class>
				<class name="org.xembly.ParsingException" filename="org/xembly/ParsingException.java" line-rate="1.0" branch-rate="1.0" complexity="1.0">
					<methods>
						<method name="&lt;init&gt;" signature="(Ljava/lang/String;)V" line-rate="1.0" branch-rate="1.0" complexity="0">
							<lines>
								<line number="51" hits="1" branch="false"/>
								<line number="52" hits="1" branch="false"/>
							</lines>
						</method>
						<method name="&lt;init&gt;" signature="(Ljava/lang/Throwable;)V" line-rate="1.0" branch-rate="1.0" complexity="0">
							<lines>
								<line number="59" hits="3" branch="false"/>
								<line number="60" hits="3" branch="false"/>
							</lines>
						</method>
					</methods>
					<lines>
						<line number="51" hits="1" branch="false"/>
						<line number="52" hits="1" branch="false"/>
						<line number="59" hits="3" branch="false"/>
						<line number="60" hits="3" branch="false"/>
					</lines>
				</class>
				<class name="org.xembly.PiDirective" filename="org/xembly/PiDirective.java" line-rate="0.8235294117647058" branch-rate="0.19230769230769232" complexity="2.0">
					<methods>
						<method name="&lt;init&gt;" signature="(Ljava/lang/String;Ljava/lang/String;)V" line-rate="1.0" branch-rate="1.0" complexity="0">
							<lines>
								<line number="66" hits="7" branch="false"/>
								<line number="67" hits="7" branch="false"/>
								<line number="68" hits="7" branch="false"/>
								<line number="69" hits="7" branch="false"/>
							</lines>
						</method>
						<method name="equals" signature="(Ljava/lang/Object;)Z" line-rate="1.0" branch-rate="1.0" complexity="0">
							<lines>
							</lines>
						</method>
						<method name="exec" signature="(Lorg/w3c/dom/Node;Lorg/xembly/Directive$Cursor;Lorg/xembly/Directive$Stack;)Lorg/xembly/Directive$Cursor;" line-rate="0.9090909090909091" branch-rate="0.8333333333333334" complexity="0">
							<lines>
								<line number="80" hits="7" branch="true" condition-coverage="50% (1/2)">
									<conditions>
										<condition number="0" type="jump" coverage="50%"/>
									</conditions>
								</line>
								<line number="81" hits="7" branch="false"/>
								<line number="83" hits="0" branch="false"/>
								<line number="85" hits="14" branch="false"/>
								<line number="86" hits="7" branch="false"/>
								<line number="88" hits="7" branch="true" condition-coverage="100% (2/2)">
									<conditions>
										<condition number="0" type="jump" coverage="100%"/>
									</conditions>
								</line>
								<line number="89" hits="1" branch="false"/>
								<line number="91" hits="6" branch="true" condition-coverage="100% (2/2)">
									<conditions>
										<condition number="0" type="jump" coverage="100%"/>
									</conditions>
								</line>
								<line number="92" hits="6" branch="false"/>
								<line number="93" hits="6" branch="false"/>
								<line number="95" hits="7" branch="false"/>
							</lines>
						</method>
						<method name="hashCode" signature="()I" line-rate="0.0" branch-rate="0.0" complexity="0">
							<lines>
								<line number="46" hits="0" branch="true" condition-coverage="0% (0/20)">
									<conditions>
										<condition number="0" type="jump" coverage="0%"/>
										<condition number="1" type="jump" coverage="0%"/>
										<condition number="2" type="jump" coverage="0%"/>
										<condition number="3" type="jump" coverage="0%"/>
										<condition number="4" type="jump" coverage="0%"/>
										<condition number="5" type="jump" coverage="0%"/>
										<condition number="6" type="jump" coverage="0%"/>
										<condition number="7" type="jump" coverage="0%"/>
										<condition number="8" type="jump" coverage="0%"/>
										<condition number="9" type="jump" coverage="0%"/>
									</conditions>
								</line>
							</lines>
						</method>
						<method name="toString" signature="()Ljava/lang/String;" line-rate="0.0" branch-rate="1.0" complexity="0">
							<lines>
								<line number="73" hits="0" branch="false"/>
							</lines>
						</method>
					</methods>
					<lines>
						<line number="46" hits="0" branch="true" condition-coverage="0% (0/20)">
							<conditions>
								<condition number="0" type="jump" coverage="0%"/>
								<condition number="1" type="jump" coverage="0%"/>
								<condition number="2" type="jump" coverage="0%"/>
								<condition number="3" type="jump" coverage="0%"/>
								<condition number="4" type="jump" coverage="0%"/>
								<condition number="5" type="jump" coverage="0%"/>
								<condition number="6" type="jump" coverage="0%"/>
								<condition number="7" type="jump" coverage="0%"/>
								<condition number="8" type="jump" coverage="0%"/>
								<condition number="9" type="jump" coverage="0%"/>
							</conditions>
						</line>
						<line number="66" hits="7" branch="false"/>
						<line number="67" hits="7" branch="false"/>
						<line number="68" hits="7" branch="false"/>
						<line number="69" hits="7" branch="false"/>
						<line number="73" hits="0" branch="false"/>
						<line number="80" hits="7" branch="true" condition-coverage="50% (1/2)">
							<conditions>
								<condition number="0" type="jump" coverage="50%"/>
							</conditions>
						</line>
						<line number="81" hits="7" branch="false"/>
						<line number="83" hits="0" branch="false"/>
						<line number="85" hits="14" branch="false"/>
						<line number="86" hits="7" branch="false"/>
						<line number="88" hits="7" branch="true" condition-coverage="100% (2/2)">
							<conditions>
								<condition number="0" type="jump" coverage="100%"/>
							</conditions>
						</line>
						<line number="89" hits="1" branch="false"/>
						<line number="91" hits="6" branch="true" condition-coverage="100% (2/2)">
							<conditions>
								<condition number="0" type="jump" coverage="100%"/>
							</conditions>
						</line>
						<line number="92" hits="6" branch="false"/>
						<line number="93" hits="6" branch="false"/>
						<line number="95" hits="7" branch="false"/>
					</lines>
				</class>
				<class name="org.xembly.PopDirective" filename="org/xembly/PopDirective.java" line-rate="0.5" branch-rate="0.0" complexity="1.0">
					<methods>
						<method name="&lt;init&gt;" signature="()V" line-rate="1.0" branch-rate="1.0" complexity="0">
							<lines>
								<line number="45" hits="2" branch="false"/>
							</lines>
						</method>
						<method name="equals" signature="(Ljava/lang/Object;)Z" line-rate="1.0" branch-rate="1.0" complexity="0">
							<lines>
							</lines>
						</method>
						<method name="exec" signature="(Lorg/w3c/dom/Node;Lorg/xembly/Directive$Cursor;Lorg/xembly/Directive$Stack;)Lorg/xembly/Directive$Cursor;" line-rate="1.0" branch-rate="1.0" complexity="0">
							<lines>
								<line number="56" hits="2" branch="false"/>
							</lines>
						</method>
						<method name="hashCode" signature="()I" line-rate="0.0" branch-rate="0.0" complexity="0">
							<lines>
								<line number="44" hits="0" branch="true" condition-coverage="0% (0/4)">
									<conditions>
										<condition number="0" type="jump" coverage="0%"/>
										<condition number="1" type="jump" coverage="0%"/>
									</conditions>
								</line>
							</lines>
						</method>
						<method name="toString" signature="()Ljava/lang/String;" line-rate="0.0" branch-rate="1.0" complexity="0">
							<lines>
								<line number="49" hits="0" branch="false"/>
							</lines>
						</method>
					</methods>
					<lines>
						<line number="44" hits="0" branch="true" condition-coverage="0% (0/4)">
							<conditions>
								<condition number="0" type="jump" coverage="0%"/>
								<condition number="1" type="jump" coverage="0%"/>
							</conditions>
						</line>
						<line number="45" hits="2" branch="false"/>
						<line number="49" hits="0" branch="false"/>
						<line number="56" hits="2" branch="false"/>
					</lines>
				</class>
				<class name="org.xembly.PushDirective" filename="org/xembly/PushDirective.java" line-rate="0.6" branch-rate="0.0" complexity="1.0">
					<methods>
						<method name="&lt;init&gt;" signature="()V" line-rate="1.0" branch-rate="1.0" complexity="0">
							<lines>
								<line number="45" hits="2" branch="false"/>
							</lines>
						</method>
						<method name="equals" signature="(Ljava/lang/Object;)Z" line-rate="1.0" branch-rate="1.0" complexity="0">
							<lines>
							</lines>
						</method>
						<method name="exec" signature="(Lorg/w3c/dom/Node;Lorg/xembly/Directive$Cursor;Lorg/xembly/Directive$Stack;)Lorg/xembly/Directive$Cursor;" line-rate="1.0" branch-rate="1.0" complexity="0">
							<lines>
								<line number="56" hits="2" branch="false"/>
								<line number="57" hits="2" branch="false"/>
							</lines>
						</method>
						<method name="hashCode" signature="()I" line-rate="0.0" branch-rate="0.0" complexity="0">
							<lines>
								<line number="44" hits="0" branch="true" condition-coverage="0% (0/4)">
									<conditions>
										<condition number="0" type="jump" coverage="0%"/>
										<condition number="1" type="jump" coverage="0%"/>
									</conditions>
								</line>
							</lines>
						</method>
						<method name="toString" signature="()Ljava/lang/String;" line-rate="0.0" branch-rate="1.0" complexity="0">
							<lines>
								<line number="49" hits="0" branch="false"/>
							</lines>
						</method>
					</methods>
					<lines>
						<line number="44" hits="0" branch="true" condition-coverage="0% (0/4)">
							<conditions>
								<condition number="0" type="jump" coverage="0%"/>
								<condition number="1" type="jump" coverage="0%"/>
							</conditions>
						</line>
						<line number="45" hits="2" branch="false"/>
						<line number="49" hits="0" branch="false"/>
						<line number="56" hits="2" branch="false"/>
						<line number="57" hits="2" branch="false"/>
					</lines>
				</class>
				<class name="org.xembly.RemoveDirective" filename="org/xembly/RemoveDirective.java" line-rate="0.8823529411764706" branch-rate="0.5" complexity="3.0">
					<methods>
						<method name="&lt;init&gt;" signature="()V" line-rate="1.0" branch-rate="1.0" complexity="0">
							<lines>
								<line number="49" hits="7" branch="false"/>
							</lines>
						</method>
						<method name="equals" signature="(Ljava/lang/Object;)Z" line-rate="1.0" branch-rate="1.0" complexity="0">
							<lines>
							</lines>
						</method>
						<method name="exec" signature="(Lorg/w3c/dom/Node;Lorg/xembly/Directive$Cursor;Lorg/xembly/Directive$Stack;)Lorg/xembly/Directive$Cursor;" line-rate="0.9285714285714286" branch-rate="0.8333333333333334" complexity="0">
							<lines>
								<line number="59" hits="6" branch="false"/>
								<line number="60" hits="6" branch="true" condition-coverage="100% (2/2)">
									<conditions>
										<condition number="0" type="jump" coverage="100%"/>
									</conditions>
								</line>
								<line number="62" hits="7" branch="true" condition-coverage="100% (2/2)">
									<conditions>
[...]
						<line number="456" hits="0" branch="false"/>
						<line number="463" hits="0" branch="false"/>
						<line number="464" hits="0" branch="false"/>
						<line number="465" hits="0" branch="false"/>
						<line number="467" hits="3" branch="false"/>
						<line number="469" hits="134" branch="false"/>
						<line number="470" hits="134" branch="false"/>
						<line number="479" hits="123" branch="false"/>
						<line number="482" hits="123" branch="false"/>
						<line number="488" hits="122" branch="false"/>
						<line number="489" hits="122" branch="true" condition-coverage="50% (1/2)">
							<conditions>
								<condition number="0" type="jump" coverage="50%"/>
							</conditions>
						</line>
						<line number="493" hits="0" branch="false"/>
						<line number="494" hits="0" branch="false"/>
						<line number="495" hits="0" branch="false"/>
						<line number="497" hits="0" branch="false"/>
						<line number="499" hits="122" branch="false"/>
						<line number="500" hits="122" branch="false"/>
						<line number="514" hits="3" branch="false"/>
						<line number="517" hits="7" branch="false"/>
						<line number="518" hits="7" branch="false"/>
						<line number="519" hits="7" branch="true" condition-coverage="100% (2/2)">
							<conditions>
								<condition number="0" type="jump" coverage="100%"/>
							</conditions>
						</line>
						<line number="520" hits="4" branch="false"/>
						<line number="523" hits="7" branch="true" condition-coverage="100% (2/2)">
							<conditions>
								<condition number="0" type="switch" coverage="100%"/>
							</conditions>
						</line>
						<line number="527" hits="4" branch="false"/>
						<line number="529" hits="4" branch="false"/>
						<line number="532" hits="3" branch="true" condition-coverage="50% (1/2)">
							<conditions>
								<condition number="0" type="jump" coverage="50%"/>
							</conditions>
						</line>
						<line number="533" hits="0" branch="false"/>
						<line number="534" hits="0" branch="false"/>
						<line number="536" hits="4" branch="false"/>
						<line number="537" hits="4" branch="false"/>
						<line number="542" hits="0" branch="false"/>
						<line number="543" hits="0" branch="false"/>
						<line number="544" hits="0" branch="false"/>
						<line number="546" hits="0" branch="false"/>
						<line number="548" hits="3" branch="false"/>
						<line number="549" hits="3" branch="false"/>
						<line number="556" hits="1" branch="false"/>
						<line number="557" hits="1" branch="false"/>
						<line number="558" hits="1" branch="false"/>
						<line number="559" hits="1" branch="false"/>
						<line number="560" hits="1" branch="false"/>
						<line number="561" hits="1" branch="false"/>
						<line number="562" hits="1" branch="false"/>
						<line number="563" hits="1" branch="false"/>
						<line number="564" hits="1" branch="false"/>
						<line number="565" hits="1" branch="false"/>
						<line number="566" hits="1" branch="false"/>
						<line number="567" hits="1" branch="false"/>
						<line number="568" hits="1" branch="false"/>
						<line number="569" hits="1" branch="false"/>
						<line number="570" hits="1" branch="false"/>
						<line number="571" hits="1" branch="false"/>
						<line number="572" hits="1" branch="false"/>
						<line number="573" hits="1" branch="false"/>
						<line number="574" hits="1" branch="false"/>
						<line number="575" hits="1" branch="false"/>
						<line number="576" hits="1" branch="false"/>
						<line number="577" hits="1" branch="false"/>
						<line number="578" hits="1" branch="false"/>
						<line number="579" hits="1" branch="false"/>
						<line number="580" hits="1" branch="false"/>
						<line number="581" hits="1" branch="false"/>
						<line number="582" hits="1" branch="false"/>
						<line number="583" hits="1" branch="false"/>
						<line number="584" hits="1" branch="false"/>
						<line number="585" hits="1" branch="false"/>
						<line number="586" hits="1" branch="false"/>
						<line number="587" hits="1" branch="false"/>
					</lines>
				</class>
				<class name="org.xembly.XmlContentException" filename="org/xembly/XmlContentException.java" line-rate="0.5" branch-rate="1.0" complexity="1.0">
					<methods>
						<method name="&lt;init&gt;" signature="(Ljava/lang/String;)V" line-rate="1.0" branch-rate="1.0" complexity="0">
							<lines>
								<line number="51" hits="5" branch="false"/>
								<line number="52" hits="5" branch="false"/>
							</lines>
						</method>
						<method name="&lt;init&gt;" signature="(Ljava/lang/String;Ljava/lang/Throwable;)V" line-rate="0.0" branch-rate="1.0" complexity="0">
							<lines>
								<line number="60" hits="0" branch="false"/>
								<line number="61" hits="0" branch="false"/>
							</lines>
						</method>
					</methods>
					<lines>
						<line number="51" hits="5" branch="false"/>
						<line number="52" hits="5" branch="false"/>
						<line number="60" hits="0" branch="false"/>
						<line number="61" hits="0" branch="false"/>
					</lines>
				</class>
				<class name="org.xembly.XpathDirective" filename="org/xembly/XpathDirective.java" line-rate="0.7906976744186046" branch-rate="0.46875" complexity="3.0">
					<methods>
						<method name="&lt;clinit&gt;" signature="()V" line-rate="1.0" branch-rate="1.0" complexity="0">
							<lines>
								<line number="61" hits="1" branch="false"/>
								<line number="66" hits="2" branch="false"/>
								<line number="67" hits="1" branch="false"/>
							</lines>
						</method>
						<method name="&lt;init&gt;" signature="(Ljava/lang/String;)V" line-rate="1.0" branch-rate="1.0" complexity="0">
							<lines>
								<line number="79" hits="25" branch="false"/>
								<line number="80" hits="25" branch="false"/>
								<line number="81" hits="25" branch="false"/>
							</lines>
						</method>
						<method name="equals" signature="(Ljava/lang/Object;)Z" line-rate="1.0" branch-rate="1.0" complexity="0">
							<lines>
							</lines>
						</method>
						<method name="exec" signature="(Lorg/w3c/dom/Node;Lorg/xembly/Directive$Cursor;Lorg/xembly/Directive$Stack;)Lorg/xembly/Directive$Cursor;" line-rate="1.0" branch-rate="1.0" complexity="0">
							<lines>
								<line number="93" hits="20" branch="false"/>
								<line number="94" hits="20" branch="false"/>
								<line number="95" hits="20" branch="true" condition-coverage="100% (2/2)">
									<conditions>
										<condition number="0" type="jump" coverage="100%"/>
									</conditions>
								</line>
								<line number="96" hits="11" branch="false"/>
								<line number="98" hits="9" branch="false"/>
								<line number="100" hits="20" branch="false"/>
							</lines>
						</method>
						<method name="hashCode" signature="()I" line-rate="0.0" branch-rate="0.0" complexity="0">
							<lines>
								<line number="55" hits="0" branch="true" condition-coverage="0% (0/12)">
									<conditions>
										<condition number="0" type="jump" coverage="0%"/>
										<condition number="1" type="jump" coverage="0%"/>
										<condition number="2" type="jump" coverage="0%"/>
										<condition number="3" type="jump" coverage="0%"/>
										<condition number="4" type="jump" coverage="0%"/>
										<condition number="5" type="jump" coverage="0%"/>
									</conditions>
								</line>
							</lines>
						</method>
						<method name="rootOnly" signature="(Ljava/lang/String;Lorg/w3c/dom/Node;)Ljava/util/Collection;" line-rate="0.875" branch-rate="0.8" complexity="0">
							<lines>
								<line number="112" hits="11" branch="true" condition-coverage="50% (1/2)">
									<conditions>
										<condition number="0" type="jump" coverage="50%"/>
									</conditions>
								</line>
								<line number="113" hits="11" branch="false"/>
								<line number="115" hits="0" branch="false"/>
								<line number="118" hits="11" branch="true" condition-coverage="75% (3/4)">
									<conditions>
										<condition number="0" type="jump" coverage="50%"/>
										<condition number="1" type="jump" coverage="100%"/>
									</conditions>
								</line>
								<line number="119" hits="10" branch="true" condition-coverage="100% (4/4)">
									<conditions>
										<condition number="0" type="jump" coverage="100%"/>
										<condition number="1" type="jump" coverage="100%"/>
									</conditions>
								</line>
								<line number="120" hits="9" branch="false"/>
								<line number="122" hits="2" branch="false"/>
								<line number="124" hits="11" branch="false"/>
							</lines>
						</method>
						<method name="roots" signature="(Lorg/w3c/dom/Node;Ljava/util/Collection;)Ljava/lang/Iterable;" line-rate="0.42857142857142855" branch-rate="0.25" complexity="0">
							<lines>
								<line number="168" hits="9" branch="true" condition-coverage="50% (1/2)">
									<conditions>
										<condition number="0" type="jump" coverage="50%"/>
									</conditions>
								</line>
								<line number="169" hits="0" branch="true" condition-coverage="0% (0/2)">
									<conditions>
										<condition number="0" type="jump" coverage="0%"/>
									</conditions>
								</line>
								<line number="170" hits="0" branch="false"/>
								<line number="172" hits="0" branch="false"/>
								<line number="173" hits="0" branch="false"/>
								<line number="177" hits="9" branch="false"/>
								<line number="179" hits="9" branch="false"/>
							</lines>
						</method>
						<method name="toString" signature="()Ljava/lang/String;" line-rate="1.0" branch-rate="1.0" complexity="0">
							<lines>
								<line number="85" hits="2" branch="false"/>
							</lines>
						</method>
						<method name="traditional" signature="(Ljava/lang/String;Lorg/w3c/dom/Node;Ljava/util/Collection;)Ljava/util/Collection;" line-rate="0.7857142857142857" branch-rate="1.0" complexity="0">
							<lines>
								<line number="138" hits="9" branch="false"/>
								<line number="139" hits="9" branch="false"/>
								<line number="140" hits="9" branch="true" condition-coverage="100% (2/2)">
									<conditions>
										<condition number="0" type="jump" coverage="100%"/>
									</conditions>
								</line>
								<line number="143" hits="18" branch="false"/>
								<line number="144" hits="9" branch="false"/>
								<line number="146" hits="0" branch="false"/>
								<line number="147" hits="0" branch="false"/>
								<line number="148" hits="0" branch="false"/>
								<line number="150" hits="9" branch="false"/>
								<line number="151" hits="9" branch="false"/>
								<line number="152" hits="24" branch="true" condition-coverage="100% (2/2)">
									<conditions>
										<condition number="0" type="jump" coverage="100%"/>
									</conditions>
								</line>
								<line number="153" hits="15" branch="false"/>
								<line number="155" hits="9" branch="false"/>
								<line number="156" hits="9" branch="false"/>
							</lines>
						</method>
					</methods>
					<lines>
						<line number="55" hits="0" branch="true" condition-coverage="0% (0/12)">
							<conditions>
								<condition number="0" type="jump" coverage="0%"/>
								<condition number="1" type="jump" coverage="0%"/>
								<condition number="2" type="jump" coverage="0%"/>
								<condition number="3" type="jump" coverage="0%"/>
								<condition number="4" type="jump" coverage="0%"/>
								<condition number="5" type="jump" coverage="0%"/>
							</conditions>
						</line>
						<line number="61" hits="1" branch="false"/>
						<line number="66" hits="2" branch="false"/>
						<line number="67" hits="1" branch="false"/>
						<line number="79" hits="25" branch="false"/>
						<line number="80" hits="25" branch="false"/>
						<line number="81" hits="25" branch="false"/>
						<line number="85" hits="2" branch="false"/>
						<line number="93" hits="20" branch="false"/>
						<line number="94" hits="20" branch="false"/>
						<line number="95" hits="20" branch="true" condition-coverage="100% (2/2)">
							<conditions>
								<condition number="0" type="jump" coverage="100%"/>
							</conditions>
						</line>
						<line number="96" hits="11" branch="false"/>
						<line number="98" hits="9" branch="false"/>
						<line number="100" hits="20" branch="false"/>
						<line number="112" hits="11" branch="true" condition-coverage="50% (1/2)">
							<conditions>
								<condition number="0" type="jump" coverage="50%"/>
							</conditions>
						</line>
						<line number="113" hits="11" branch="false"/>
						<line number="115" hits="0" branch="false"/>
						<line number="118" hits="11" branch="true" condition-coverage="75% (3/4)">
							<conditions>
								<condition number="0" type="jump" coverage="50%"/>
								<condition number="1" type="jump" coverage="100%"/>
							</conditions>
						</line>
						<line number="119" hits="10" branch="true" condition-coverage="100% (4/4)">
							<conditions>
								<condition number="0" type="jump" coverage="100%"/>
								<condition number="1" type="jump" coverage="100%"/>
							</conditions>
						</line>
						<line number="120" hits="9" branch="false"/>
						<line number="122" hits="2" branch="false"/>
						<line number="124" hits="11" branch="false"/>
						<line number="138" hits="9" branch="false"/>
						<line number="139" hits="9" branch="false"/>
						<line number="140" hits="9" branch="true" condition-coverage="100% (2/2)">
							<conditions>
								<condition number="0" type="jump" coverage="100%"/>
							</conditions>
						</line>
						<line number="143" hits="18" branch="false"/>
						<line number="144" hits="9" branch="false"/>
						<line number="146" hits="0" branch="false"/>
						<line number="147" hits="0" branch="false"/>
						<line number="148" hits="0" branch="false"/>
						<line number="150" hits="9" branch="false"/>
						<line number="151" hits="9" branch="false"/>
						<line number="152" hits="24" branch="true" condition-coverage="100% (2/2)">
							<conditions>
								<condition number="0" type="jump" coverage="100%"/>
							</conditions>
						</line>
						<line number="153" hits="15" branch="false"/>
						<line number="155" hits="9" branch="false"/>
						<line number="156" hits="9" branch="false"/>
						<line number="168" hits="9" branch="true" condition-coverage="50% (1/2)">
							<conditions>
								<condition number="0" type="jump" coverage="50%"/>
							</conditions>
						</line>
						<line number="169" hits="0" branch="true" condition-coverage="0% (0/2)">
							<conditions>
								<condition number="0" type="jump" coverage="0%"/>
							</conditions>
						</line>
						<line number="170" hits="0" branch="false"/>
						<line number="172" hits="0" branch="false"/>
						<line number="173" hits="0" branch="false"/>
						<line number="177" hits="9" branch="false"/>
						<line number="179" hits="9" branch="false"/>
					</lines>
				</class>
				<class name="org.xembly.XsetDirective" filename="org/xembly/XsetDirective.java" line-rate="0.7727272727272727" branch-rate="0.25" complexity="2.3333333333333335">
					<methods>
						<method name="&lt;clinit&gt;" signature="()V" line-rate="1.0" branch-rate="1.0" complexity="0">
							<lines>
								<line number="57" hits="1" branch="false"/>
							</lines>
						</method>
						<method name="&lt;init&gt;" signature="(Ljava/lang/String;)V" line-rate="1.0" branch-rate="1.0" complexity="0">
							<lines>
								<line number="69" hits="3" branch="false"/>
								<line number="70" hits="3" branch="false"/>
								<line number="71" hits="3" branch="false"/>
							</lines>
						</method>
						<method name="equals" signature="(Ljava/lang/Object;)Z" line-rate="1.0" branch-rate="1.0" complexity="0">
							<lines>
							</lines>
						</method>
						<method name="exec" signature="(Lorg/w3c/dom/Node;Lorg/xembly/Directive$Cursor;Lorg/xembly/Directive$Stack;)Lorg/xembly/Directive$Cursor;" line-rate="0.8125" branch-rate="1.0" complexity="0">
							<lines>
								<line number="82" hits="3" branch="false"/>
								<line number="83" hits="3" branch="false"/>
								<line number="85" hits="3" branch="true" condition-coverage="100% (2/2)">
									<conditions>
										<condition number="0" type="jump" coverage="100%"/>
									</conditions>
								</line>
								<line number="87" hits="6" branch="false"/>
								<line number="89" hits="3" branch="false"/>
								<line number="90" hits="3" branch="false"/>
								<line number="91" hits="3" branch="false"/>
								<line number="93" hits="0" branch="false"/>
								<line number="94" hits="0" branch="false"/>
								<line number="95" hits="0" branch="false"/>
								<line number="97" hits="3" branch="false"/>
								<line number="98" hits="3" branch="false"/>
								<line number="99" hits="3" branch="true" condition-coverage="100% (2/2)">
									<conditions>
										<condition number="0" type="jump" coverage="100%"/>
									</conditions>
								</line>
								<line number="100" hits="3" branch="false"/>
								<line number="101" hits="3" branch="false"/>
								<line number="102" hits="3" branch="false"/>
							</lines>
						</method>
						<method name="hashCode" signature="()I" line-rate="0.0" branch-rate="0.0" complexity="0">
							<lines>
								<line number="51" hits="0" branch="true" condition-coverage="0% (0/12)">
									<conditions>
										<condition number="0" type="jump" coverage="0%"/>
										<condition number="1" type="jump" coverage="0%"/>
										<condition number="2" type="jump" coverage="0%"/>
										<condition number="3" type="jump" coverage="0%"/>
										<condition number="4" type="jump" coverage="0%"/>
										<condition number="5" type="jump" coverage="0%"/>
									</conditions>
								</line>
							</lines>
						</method>
						<method name="toString" signature="()Ljava/lang/String;" line-rate="0.0" branch-rate="1.0" complexity="0">
							<lines>
								<line number="75" hits="0" branch="false"/>
							</lines>
						</method>
					</methods>
					<lines>
						<line number="51" hits="0" branch="true" condition-coverage="0% (0/12)">
							<conditions>
								<condition number="0" type="jump" coverage="0%"/>
								<condition number="1" type="jump" coverage="0%"/>
								<condition number="2" type="jump" coverage="0%"/>
								<condition number="3" type="jump" coverage="0%"/>
								<condition number="4" type="jump" coverage="0%"/>
								<condition number="5" type="jump" coverage="0%"/>
							</conditions>
						</line>
						<line number="57" hits="1" branch="false"/>
						<line number="69" hits="3" branch="false"/>
						<line number="70" hits="3" branch="false"/>
						<line number="71" hits="3" branch="false"/>
						<line number="75" hits="0" branch="false"/>
						<line number="82" hits="3" branch="false"/>
						<line number="83" hits="3" branch="false"/>
						<line number="85" hits="3" branch="true" condition-coverage="100% (2/2)">
							<conditions>
								<condition number="0" type="jump" coverage="100%"/>
							</conditions>
						</line>
						<line number="87" hits="6" branch="false"/>
						<line number="89" hits="3" branch="false"/>
						<line number="90" hits="3" branch="false"/>
						<line number="91" hits="3" branch="false"/>
						<line number="93" hits="0" branch="false"/>
						<line number="94" hits="0" branch="false"/>
						<line number="95" hits="0" branch="false"/>
						<line number="97" hits="3" branch="false"/>
						<line number="98" hits="3" branch="false"/>
						<line number="99" hits="3" branch="true" condition-coverage="100% (2/2)">
							<conditions>
								<condition number="0" type="jump" coverage="100%"/>
							</conditions>
						</line>
						<line number="100" hits="3" branch="false"/>
						<line number="101" hits="3" branch="false"/>
						<line number="102" hits="3" branch="false"/>
					</lines>
				</class>
			</classes>
		</package>
	</packages>
</coverage>
